c:\programming\c++ oop frogger\enginexforstudent\outgame\vc141.pdb
c:\programming\c++ oop frogger\enginexforstudent\outgame\vc141.idb
c:\programming\c++ oop frogger\enginexforstudent\outgame\collision.obj
c:\programming\c++ oop frogger\enginexforstudent\outgame\entityfactory.obj
c:\programming\c++ oop frogger\enginexforstudent\outgame\eventhandling.obj
c:\programming\c++ oop frogger\enginexforstudent\outgame\game.obj
c:\programming\c++ oop frogger\enginexforstudent\outgame\graphicshelpers.obj
c:\programming\c++ oop frogger\enginexforstudent\outgame\inputmanager.obj
c:\programming\c++ oop frogger\enginexforstudent\outgame\levels.obj
c:\programming\c++ oop frogger\enginexforstudent\outgame\main.obj
c:\programming\c++ oop frogger\enginexforstudent\outgame\menus.obj
c:\programming\c++ oop frogger\enginexforstudent\outgame\physics.obj
c:\programming\c++ oop frogger\enginexforstudent\outgame\sorting.obj
c:\programming\c++ oop frogger\enginexforstudent\outgame\track.obj
c:\programming\c++ oop frogger\enginexforstudent\outgame\entity.obj
c:\programming\c++ oop frogger\enginexforstudent\outgame\tdcarray.obj
c:\programming\c++ oop frogger\enginexforstudent\build\gameenginexd.exe
c:\programming\c++ oop frogger\enginexforstudent\build\gameenginexd.ilk
c:\programming\c++ oop frogger\enginexforstudent\build\gameenginexd.pdb
c:\programming\c++ oop frogger\enginexforstudent\outgame\paddle.obj
c:\programming\c++ oop frogger\enginexforstudent\outgame\pongball.obj
c:\programming\c++ oop frogger\enginexforstudent\outgame\gameenginex.tlog\cl.command.1.tlog
c:\programming\c++ oop frogger\enginexforstudent\outgame\gameenginex.tlog\cl.read.1.tlog
c:\programming\c++ oop frogger\enginexforstudent\outgame\gameenginex.tlog\cl.write.1.tlog
c:\programming\c++ oop frogger\enginexforstudent\outgame\gameenginex.tlog\link.command.1.tlog
c:\programming\c++ oop frogger\enginexforstudent\outgame\gameenginex.tlog\link.read.1.tlog
c:\programming\c++ oop frogger\enginexforstudent\outgame\gameenginex.tlog\link.write.1.tlog
