c:\users\pg12timothy\documents\fsmturretgame\fsm_turretgame\enginexforstudent\outgame\vc141.pdb
c:\users\pg12timothy\documents\fsmturretgame\fsm_turretgame\enginexforstudent\outgame\vc141.idb
c:\users\pg12timothy\documents\fsmturretgame\fsm_turretgame\enginexforstudent\outgame\gameobjecthandles.obj
c:\users\pg12timothy\documents\fsmturretgame\fsm_turretgame\enginexforstudent\outgame\gameobject.obj
c:\users\pg12timothy\documents\fsmturretgame\fsm_turretgame\enginexforstudent\outgame\component.obj
c:\users\pg12timothy\documents\fsmturretgame\fsm_turretgame\enginexforstudent\outgame\menus.obj
c:\users\pg12timothy\documents\fsmturretgame\fsm_turretgame\enginexforstudent\outgame\levels.obj
c:\users\pg12timothy\documents\fsmturretgame\fsm_turretgame\enginexforstudent\outgame\fsmturret.obj
c:\users\pg12timothy\documents\fsmturretgame\fsm_turretgame\enginexforstudent\outgame\fsm.obj
c:\users\pg12timothy\documents\fsmturretgame\fsm_turretgame\enginexforstudent\outgame\world.obj
c:\users\pg12timothy\documents\fsmturretgame\fsm_turretgame\enginexforstudent\outgame\gameplayeventssystem.obj
c:\users\pg12timothy\documents\fsmturretgame\fsm_turretgame\enginexforstudent\outgame\game.obj
c:\users\pg12timothy\documents\fsmturretgame\fsm_turretgame\enginexforstudent\outgame\enemyspawner.obj
c:\users\pg12timothy\documents\fsmturretgame\fsm_turretgame\enginexforstudent\outgame\enemyfactory.obj
c:\users\pg12timothy\documents\fsmturretgame\fsm_turretgame\enginexforstudent\outgame\cogzergling.obj
c:\users\pg12timothy\documents\fsmturretgame\fsm_turretgame\enginexforstudent\outgame\cogwall.obj
c:\users\pg12timothy\documents\fsmturretgame\fsm_turretgame\enginexforstudent\outgame\cogturret.obj
c:\users\pg12timothy\documents\fsmturretgame\fsm_turretgame\enginexforstudent\outgame\cogshape.obj
c:\users\pg12timothy\documents\fsmturretgame\fsm_turretgame\enginexforstudent\outgame\cogplayer.obj
c:\users\pg12timothy\documents\fsmturretgame\fsm_turretgame\enginexforstudent\outgame\cogplasma.obj
c:\users\pg12timothy\documents\fsmturretgame\fsm_turretgame\enginexforstudent\outgame\cogphysics.obj
c:\users\pg12timothy\documents\fsmturretgame\fsm_turretgame\enginexforstudent\outgame\cogdrawhealth.obj
c:\users\pg12timothy\documents\fsmturretgame\fsm_turretgame\enginexforstudent\outgame\main.obj
c:\users\pg12timothy\documents\fsmturretgame\fsm_turretgame\enginexforstudent\outgame\physics.obj
c:\users\pg12timothy\documents\fsmturretgame\fsm_turretgame\enginexforstudent\outgame\inputmanager.obj
c:\users\pg12timothy\documents\fsmturretgame\fsm_turretgame\enginexforstudent\outgame\graphicshelpers.obj
c:\users\pg12timothy\documents\fsmturretgame\fsm_turretgame\enginexforstudent\outgame\collision.obj
c:\users\pg12timothy\documents\fsmturretgame\fsm_turretgame\enginexforstudent\outgame\gameobjectinventory.obj
c:\users\pg12timothy\documents\fsmturretgame\fsm_turretgame\enginexforstudent\outgame\gameenginex.tlog\cl.command.1.tlog
c:\users\pg12timothy\documents\fsmturretgame\fsm_turretgame\enginexforstudent\outgame\gameenginex.tlog\cl.read.1.tlog
c:\users\pg12timothy\documents\fsmturretgame\fsm_turretgame\enginexforstudent\outgame\gameenginex.tlog\cl.write.1.tlog
c:\users\pg12timothy\documents\fsmturretgame\fsm_turretgame\enginexforstudent\outgame\gameenginex.tlog\link-cvtres.read.1.tlog
c:\users\pg12timothy\documents\fsmturretgame\fsm_turretgame\enginexforstudent\outgame\gameenginex.tlog\link-cvtres.write.1.tlog
c:\users\pg12timothy\documents\fsmturretgame\fsm_turretgame\enginexforstudent\outgame\gameenginex.tlog\link-rc.read.1.tlog
c:\users\pg12timothy\documents\fsmturretgame\fsm_turretgame\enginexforstudent\outgame\gameenginex.tlog\link-rc.write.1.tlog
c:\users\pg12timothy\documents\fsmturretgame\fsm_turretgame\enginexforstudent\outgame\gameenginex.tlog\link.20176-cvtres.read.1.tlog
c:\users\pg12timothy\documents\fsmturretgame\fsm_turretgame\enginexforstudent\outgame\gameenginex.tlog\link.20176-cvtres.write.1.tlog
c:\users\pg12timothy\documents\fsmturretgame\fsm_turretgame\enginexforstudent\outgame\gameenginex.tlog\link.20176-rc.read.1.tlog
c:\users\pg12timothy\documents\fsmturretgame\fsm_turretgame\enginexforstudent\outgame\gameenginex.tlog\link.20176-rc.write.1.tlog
c:\users\pg12timothy\documents\fsmturretgame\fsm_turretgame\enginexforstudent\outgame\gameenginex.tlog\link.20176.read.1.tlog
c:\users\pg12timothy\documents\fsmturretgame\fsm_turretgame\enginexforstudent\outgame\gameenginex.tlog\link.20176.write.1.tlog
c:\users\pg12timothy\documents\fsmturretgame\fsm_turretgame\enginexforstudent\outgame\gameenginex.tlog\link.command.1.tlog
c:\users\pg12timothy\documents\fsmturretgame\fsm_turretgame\enginexforstudent\outgame\gameenginex.tlog\link.read.1.tlog
c:\users\pg12timothy\documents\fsmturretgame\fsm_turretgame\enginexforstudent\outgame\gameenginex.tlog\link.write.1.tlog
